.\bin\Debug\net8.0-windows\UnboundDashboard.exe : Unhandled exceptio
n. System.ArgumentOutOfRangeException: Index and length must refer t
o a location within the string. (Parameter 'length')
At line:1 char:15
+ ... tnet build; .\bin\Debug\net8.0-windows\UnboundDashboard.exe 2>
 crash. ...
+                 ~~~~~~~~~~~~~~~~~~~~~~~~~~~~~~~~~~~~~~~~~~~~~~~~~~
~~~~~~~
    + CategoryInfo          : NotSpecified: (Unhandled excep...mete 
   r 'length'):String) [], RemoteException
    + FullyQualifiedErrorId : NativeCommandError
 
   at System.String.ThrowSubstringArgumentOutOfRange(Int32 startInde
x, Int32 length)
   at System.String.Substring(Int32 startIndex, Int32 length)
   at UnboundDashboard.ViewModels.DashboardViewModel.TypewriterTimer
_Tick(Object sender, EventArgs e) in C:\Users\tayla\Desktop\unbound2
\UnboundDashboard\ViewModels\DashboardViewModel.cs:line 489
   at System.Windows.Threading.DispatcherTimer.FireTick()
   at System.Windows.Threading.ExceptionWrapper.InternalRealCall(Del
egate callback, Object args, Int32 numArgs)
   at System.Windows.Threading.ExceptionWrapper.TryCatchWhen(Object 
source, Delegate callback, Object args, Int32 numArgs, Delegate catc
hHandler)
   at System.Windows.Threading.DispatcherOperation.InvokeImpl()
   at MS.Internal.CulturePreservingExecutionContext.CallbackWrapper(
Object obj)
   at System.Threading.ExecutionContext.RunInternal(ExecutionContext
 executionContext, ContextCallback callback, Object state)
--- End of stack trace from previous location ---
   at System.Threading.ExecutionContext.RunInternal(ExecutionContext
 executionContext, ContextCallback callback, Object state)
   at MS.Internal.CulturePreservingExecutionContext.Run(CulturePrese
rvingExecutionContext executionContext, ContextCallback callback, Ob
ject state)
   at System.Windows.Threading.DispatcherOperation.Invoke()
   at System.Windows.Threading.Dispatcher.ProcessQueue()
   at System.Windows.Threading.Dispatcher.WndProcHook(IntPtr hwnd, I
nt32 msg, IntPtr wParam, IntPtr lParam, Boolean& handled)
   at MS.Win32.HwndWrapper.WndProc(IntPtr hwnd, Int32 msg, IntPtr wP
aram, IntPtr lParam, Boolean& handled)
   at MS.Win32.HwndSubclass.DispatcherCallbackOperation(Object o)
   at System.Windows.Threading.ExceptionWrapper.InternalRealCall(Del
egate callback, Object args, Int32 numArgs)
   at System.Windows.Threading.ExceptionWrapper.TryCatchWhen(Object 
source, Delegate callback, Object args, Int32 numArgs, Delegate catc
hHandler)
   at System.Windows.Threading.Dispatcher.LegacyInvokeImpl(Dispatche
rPriority priority, TimeSpan timeout, Delegate method, Object args, 
Int32 numArgs)
   at MS.Win32.HwndSubclass.SubclassWndProc(IntPtr hwnd, Int32 msg, 
IntPtr wParam, IntPtr lParam)
   at MS.Win32.UnsafeNativeMethods.DispatchMessage(MSG& msg)
   at System.Windows.Threading.Dispatcher.PushFrameImpl(DispatcherFr
ame frame)
   at System.Windows.Application.RunDispatcher(Object ignore)
   at System.Windows.Application.RunInternal(Window window)
   at UnboundDashboard.App.Main()
